生成启动时间为 2019/8/27 18:07:17。
     1>项目“E:\SHARE\C_Plus_Plus\8_27_CSDN\8_27_CSDN\8_27_CSDN.vcxproj”在节点 2 上(Build 个目标)。
     1>ClCompile:
         E:\vs2013\VC\bin\CL.exe /c /ZI /nologo /W3 /WX- /sdl /Od /Oy- /D _MBCS /Gm /EHsc /RTC1 /MDd /GS /fp:precise /Zc:wchar_t /Zc:forScope /Fo"Debug\\" /Fd"Debug\vc120.pdb" /Gd /TP /analyze- /errorReport:prompt main.cpp
         main.cpp
     1>e:\share\c_plus_plus\8_27_csdn\8_27_csdn\main.cpp(26): error C2871: “N2”: 具有该名称的命名空间不存在
     1>e:\share\c_plus_plus\8_27_csdn\8_27_csdn\main.cpp(34): error C2065: “n”: 未声明的标识符
     1>已完成生成项目“E:\SHARE\C_Plus_Plus\8_27_CSDN\8_27_CSDN\8_27_CSDN.vcxproj”(Build 个目标)的操作 - 失败。

生成失败。

已用时间 00:00:00.64
